<?xml version="1.0" encoding="UTF-8"?>
<testsuite name="abstractfactory.ClientTest" tests="1" skipped="0" failures="0" errors="0" timestamp="2022-08-12T07:56:01" hostname="mohsen-ASUS" time="0.016">
  <properties/>
  <testcase name="test_printing()" classname="abstractfactory.ClientTest" time="0.016"/>
  <system-out><![CDATA[Salam
]]></system-out>
  <system-err><![CDATA[]]></system-err>
</testsuite>
