<?xml version="1.0" encoding="UTF-8"?>
<testsuite name="abstractfactory.ClientTest" tests="1" skipped="0" failures="0" errors="0" timestamp="2022-08-12T08:31:15" hostname="mohsen-ASUS" time="0.012">
  <properties/>
  <testcase name="whenCreatingANewClient_gardenShouldBeCreatedCorrectly()" classname="abstractfactory.ClientTest" time="0.012"/>
  <system-out><![CDATA[]]></system-out>
  <system-err><![CDATA[]]></system-err>
</testsuite>
