<?xml version="1.0" encoding="UTF-8"?>
<testsuite name="prototype.shape.CircleTest" tests="1" skipped="0" failures="0" errors="0" timestamp="2022-08-12T09:05:21" hostname="mohsen-ASUS" time="0.0">
  <properties/>
  <testcase name="whenCloningTheCircle_returnedObjectShouldBeEqualToInitialObject()" classname="prototype.shape.CircleTest" time="0.0"/>
  <system-out><![CDATA[]]></system-out>
  <system-err><![CDATA[]]></system-err>
</testsuite>
