<?xml version="1.0" encoding="UTF-8"?>
<testsuite name="abstractfactory.factory.IranianGardenCreatorTest" tests="2" skipped="0" failures="0" errors="0" timestamp="2022-08-12T09:05:21" hostname="mohsen-ASUS" time="0.001">
  <properties/>
  <testcase name="whenCallingCreateTreeMethod_shouldReturnCorrectTreeType()" classname="abstractfactory.factory.IranianGardenCreatorTest" time="0.001"/>
  <testcase name="whenCallingCreateFlowerMethod_shouldReturnCorrectFlowerType()" classname="abstractfactory.factory.IranianGardenCreatorTest" time="0.0"/>
  <system-out><![CDATA[]]></system-out>
  <system-err><![CDATA[]]></system-err>
</testsuite>
